2020-11-06 14:18:26,777 [Worker-3] INFO  c.g.t.t.d.PublishedGradleVersions - Gradle version information cache is out-of-date. Trying to update.
2020-11-06 14:22:07,884 [Worker-18] INFO  o.e.m.c.i.p.ProjectConfigurationManager - Update started
2020-11-06 14:22:19,650 [Worker-18] INFO  o.e.m.c.i.l.LifecycleMappingFactory - Using org.eclipse.m2e.jdt.JarLifecycleMapping lifecycle mapping for MavenProject: org.test.canal:test-canal:1.0.0 @ C:\Users\mhahm\Documents\CANAL-TEST\CANAL-TEST - Copie\pom.xml.
2020-11-06 14:22:46,420 [Worker-18] INFO  o.e.m.j.i.AbstractJavaProjectConfigurator - Adding source folder /CANAL-TEST - Copie/src/main/java
2020-11-06 14:22:46,421 [Worker-18] INFO  o.e.m.j.i.AbstractJavaProjectConfigurator - Adding resource folder /CANAL-TEST - Copie/src/main/resources
2020-11-06 14:22:46,462 [Worker-18] INFO  o.e.m.j.i.AbstractJavaProjectConfigurator - Adding resource folder /CANAL-TEST - Copie/src/main/resources
2020-11-06 14:22:46,498 [Worker-18] INFO  o.e.m.j.i.AbstractJavaProjectConfigurator - Adding source folder /CANAL-TEST - Copie/src/test/java
2020-11-06 14:22:46,498 [Worker-18] INFO  o.e.m.j.i.AbstractJavaProjectConfigurator - Adding resource folder /CANAL-TEST - Copie/src/test/resources
2020-11-06 14:23:08,585 [Worker-18] INFO  o.e.m.c.i.p.ProjectConfigurationManager - Update completed: 60 sec
2020-11-06 14:23:16,875 [Worker-16] INFO  o.e.m.c.i.embedder.EclipseLogger - Using 'UTF-8' encoding to copy filtered resources.
2020-11-06 14:23:16,880 [Worker-16] INFO  o.e.m.c.i.embedder.EclipseLogger - Copying 1 resource
2020-11-06 14:23:16,913 [Worker-16] INFO  o.e.m.c.i.embedder.EclipseLogger - Copying 1 resource
2020-11-06 14:23:16,923 [Worker-16] INFO  o.e.m.c.i.embedder.EclipseLogger - Using 'UTF-8' encoding to copy filtered resources.
2020-11-06 14:23:16,923 [Worker-16] INFO  o.e.m.c.i.embedder.EclipseLogger - Copying 2 resources
2020-11-06 14:23:37,358 [Worker-19] INFO  o.e.m.c.i.embedder.EclipseLogger - Using 'UTF-8' encoding to copy filtered resources.
2020-11-06 14:23:37,362 [Worker-19] INFO  o.e.m.c.i.embedder.EclipseLogger - Copying 1 resource
2020-11-06 14:23:37,398 [Worker-19] INFO  o.e.m.c.i.embedder.EclipseLogger - Copying 1 resource
2020-11-06 14:23:37,405 [Worker-19] INFO  o.e.m.c.i.embedder.EclipseLogger - Using 'UTF-8' encoding to copy filtered resources.
2020-11-06 14:23:37,405 [Worker-19] INFO  o.e.m.c.i.embedder.EclipseLogger - Copying 0 resource
2020-11-06 14:23:43,331 [Worker-18] INFO  o.e.m.c.i.embedder.EclipseLogger - Using 'UTF-8' encoding to copy filtered resources.
2020-11-06 14:23:43,331 [Worker-18] INFO  o.e.m.c.i.embedder.EclipseLogger - Copying 0 resource
2020-11-06 14:23:43,332 [Worker-18] INFO  o.e.m.c.i.embedder.EclipseLogger - Copying 0 resource
2020-11-06 14:23:43,339 [Worker-18] INFO  o.e.m.c.i.embedder.EclipseLogger - Using 'UTF-8' encoding to copy filtered resources.
2020-11-06 14:23:43,340 [Worker-18] INFO  o.e.m.c.i.embedder.EclipseLogger - Copying 0 resource
